1000
1000
2000
3000
1000
2000
3000
4000
3000
1000
2000
3000
4000
5000
6000
7000
1000
2000
3000
4000
5000
6000
7000
8000
9000
3000
6000
9000
7000
3000
6000
9000
12000
2000
4000
6000
8000
10000
12000
14000
9000
1000
2000
3000
4000
5000
6000
7000
8000
9000
10000
11000
12000
13000
14000
15000
16000
17000
18000
19000
11000
3000
6000
9000
12000
15000
18000
21000
1000
2000
3000
4000
5000
6000
7000
8000
9000
10000
11000
12000
13000
14000
15000
16000
17000
18000
19000
20000
21000
22000
23000
24000
13000
7000
14000
21000
3000
6000
9000
12000
15000
18000
21000
24000
27000
4000
8000
12000
16000
20000
24000
28000
17000
7000
14000
21000
28000
9000
18000
27000
19000
1000
2000
3000
4000
5000
6000
7000
8000
9000
10000
11000
12000
13000
14000
15000
16000
17000
18000
19000
20000
21000
22000
23000
24000
25000
26000
27000
28000
29000
30000
31000
32000
33000
34000
35000
36000
37000
38000
39000
21000
11000
22000
33000
9000
18000
27000
36000
23000
6000
12000
18000
24000
30000
36000
42000
1000
2000
3000
4000
5000
6000
7000
8000
9000
10000
11000
12000
13000
14000
15000
16000
17000
18000
19000
20000
21000
22000
23000
24000
25000
26000
27000
28000
29000
30000
31000
32000
33000
34000
35000
36000
37000
38000
39000
40000
41000
42000
43000
44000
45000
46000
47000
48000
49000
13000
26000
39000
27000
11000
22000
33000
44000
7000
14000
21000
28000
35000
42000
49000
29000
3000
6000
9000
12000
15000
18000
21000
24000
27000
30000
33000
36000
39000
42000
45000
48000
51000
54000
57000
31000
8000
16000
24000
32000
40000
48000
56000
13000
26000
39000
52000
33000
17000
34000
51000
7000
14000
21000
28000
35000
42000
49000
56000
63000
9000
18000
27000
36000
45000
54000
63000
37000
3000
6000
9000
12000
15000
18000
21000
24000
27000
30000
33000
36000
39000
42000
45000
48000
51000
54000
57000
60000
63000
66000
69000
72000
19000
38000
57000
39000
2000
4000
6000
8000
10000
12000
14000
16000
18000
20000
22000
24000
26000
28000
30000
32000
34000
36000
38000
40000
42000
44000
46000
48000
50000
52000
54000
56000
58000
60000
62000
64000
66000
68000
70000
72000
74000
76000
78000
41000
21000
42000
63000
17000
34000
51000
68000
43000
11000
22000
33000
44000
55000
66000
77000
9000
18000
27000
36000
45000
54000
63000
72000
81000
23000
46000
69000
47000
19000
38000
57000
76000
12000
24000
36000
48000
60000
72000
84000
49000
1000
2000
3000
4000
5000
6000
7000
8000
9000
10000
11000
12000
13000
14000
15000
16000
17000
18000
19000
20000
21000
22000
23000
24000
25000
26000
27000
28000
29000
30000
31000
32000
33000
34000
35000
36000
37000
38000
39000
40000
41000
42000
43000
44000
45000
46000
47000
48000
49000
50000
51000
52000
53000
54000
55000
56000
57000
58000
59000
60000
61000
62000
63000
64000
65000
66000
67000
68000
69000
70000
71000
72000
73000
74000
75000
76000
77000
78000
79000
80000
81000
82000
83000
84000
85000
86000
87000
88000
89000
90000
91000
92000
93000
94000
95000
96000
97000
98000
99000
51000
13000
26000
39000
52000
65000
78000
91000
21000
42000
63000
84000
53000
27000
54000
81000
11000
22000
33000
44000
55000
66000
77000
88000
99000
14000
28000
42000
56000
70000
84000
98000
57000
23000
46000
69000
92000
29000
58000
87000
59000
3000
6000
9000
12000
15000
18000
21000
24000
27000
30000
33000
36000
39000
42000
45000
48000
51000
54000
57000
60000
63000
66000
69000
72000
75000
78000
81000
84000
87000
90000
93000
96000
99000
102000
105000
108000
111000
114000
117000
61000
31000
62000
93000
1000
2000
3000
4000
5000
6000
7000
8000
9000
10000
11000
12000
13000
14000
15000
16000
17000
18000
19000
20000
21000
22000
23000
24000
25000
26000
27000
28000
29000
30000
31000
32000
33000
34000
35000
36000
37000
38000
39000
40000
41000
42000
43000
44000
45000
46000
47000
48000
49000
50000
51000
52000
53000
54000
55000
56000
57000
58000
59000
60000
61000
62000
63000
64000
65000
66000
67000
68000
69000
70000
71000
72000
73000
74000
75000
76000
77000
78000
79000
80000
81000
82000
83000
84000
85000
86000
87000
88000
89000
90000
91000
92000
93000
94000
95000
96000
97000
98000
99000
100000
101000
102000
103000
104000
105000
106000
107000
108000
109000
110000
111000
112000
113000
114000
115000
116000
117000
118000
119000
120000
121000
122000
123000
124000
63000
16000
32000
48000
64000
80000
96000
112000
13000
26000
39000
52000
65000
78000
91000
104000
117000
33000
66000
99000
67000
27000
54000
81000
108000
17000
34000
51000
68000
85000
102000
119000
69000
7000
14000
21000
28000
35000
42000
49000
56000
63000
70000
77000
84000
91000
98000
105000
112000
119000
126000
133000
71000
18000
36000
54000
72000
90000
108000
126000
29000
58000
87000
116000
73000
37000
74000
111000
3000
6000
9000
12000
15000
18000
21000
24000
27000
30000
33000
36000
39000
42000
45000
48000
51000
54000
57000
60000
63000
66000
69000
72000
75000
78000
81000
84000
87000
90000
93000
96000
99000
102000
105000
108000
111000
114000
117000
120000
123000
126000
129000
132000
135000
138000
141000
144000
147000
19000
38000
57000
76000
95000
114000
133000
77000
31000
62000
93000
124000
39000
78000
117000
79000
4000
8000
12000
16000
20000
24000
28000
32000
36000
40000
44000
48000
52000
56000
60000
64000
68000
72000
76000
80000
84000
88000
92000
96000
100000
104000
108000
112000
116000
120000
124000
128000
132000
136000
140000
144000
148000
152000
156000
81000
41000
82000
123000
33000
66000
99000
132000
83000
21000
42000
63000
84000
105000
126000
147000
17000
34000
51000
68000
85000
102000
119000
136000
153000
43000
86000
129000
87000
7000
14000
21000
28000
35000
42000
49000
56000
63000
70000
77000
84000
91000
98000
105000
112000
119000
126000
133000
140000
147000
154000
161000
168000
22000
44000
66000
88000
110000
132000
154000
89000
9000
18000
27000
36000
45000
54000
63000
72000
81000
90000
99000
108000
117000
126000
135000
144000
153000
162000
171000
91000
23000
46000
69000
92000
115000
138000
161000
37000
74000
111000
148000
93000
47000
94000
141000
19000
38000
57000
76000
95000
114000
133000
152000
171000
24000
48000
72000
96000
120000
144000
168000
97000
39000
78000
117000
156000
49000
98000
147000
99000
1000
2000
3000
4000
5000
6000
7000
8000
9000
10000
11000
12000
13000
14000
15000
16000
17000
18000
19000
20000
21000
22000
23000
24000
25000
26000
27000
28000
29000
30000
31000
32000
33000
34000
35000
36000
37000
38000
39000
40000
41000
42000
43000
44000
45000
46000
47000
48000
49000
50000
51000
52000
53000
54000
55000
56000
57000
58000
59000
60000
61000
62000
63000
64000
65000
66000
67000
68000
69000
70000
71000
72000
73000
74000
75000
76000
77000
78000
79000
80000
81000
82000
83000
84000
85000
86000
87000
88000
89000
90000
91000
92000
93000
94000
95000
96000
97000
98000
99000
100000
101000
102000
103000
104000
105000
106000
107000
108000
109000
110000
111000
112000
113000
114000
115000
116000
117000
118000
119000
120000
121000
122000
123000
124000
125000
126000
127000
128000
129000
130000
131000
132000
133000
134000
135000
136000
137000
138000
139000
140000
141000
142000
143000
144000
145000
146000
147000
148000
149000
150000
151000
152000
153000
154000
155000
156000
157000
158000
159000
160000
161000
162000
163000
164000
165000
166000
167000
168000
169000
170000
171000
172000
173000
174000
175000
176000
177000
178000
179000
180000
181000
182000
183000
184000
185000
186000
187000
188000
189000
190000
191000
192000
193000
194000
195000
196000
197000
198000
199000
101000
51000
102000
153000
41000
82000
123000
164000
103000
26000
52000
78000
104000
130000
156000
182000
21000
42000
63000
84000
105000
126000
147000
168000
189000
53000
106000
159000
107000
43000
86000
129000
172000
27000
54000
81000
108000
135000
162000
189000
109000
11000
22000
33000
44000
55000
66000
77000
88000
99000
110000
121000
132000
143000
154000
165000
176000
187000
198000
209000
111000
28000
56000
84000
112000
140000
168000
196000
9000
18000
27000
36000
45000
54000
63000
72000
81000
90000
99000
108000
117000
126000
135000
144000
153000
162000
171000
180000
189000
198000
207000
216000
113000
57000
114000
171000
23000
46000
69000
92000
115000
138000
161000
184000
207000
29000
58000
87000
116000
145000
174000
203000
117000
47000
94000
141000
188000
59000
118000
177000
119000
6000
12000
18000
24000
30000
36000
42000
48000
54000
60000
66000
72000
78000
84000
90000
96000
102000
108000
114000
120000
126000
132000
138000
144000
150000
156000
162000
168000
174000
180000
186000
192000
198000
204000
210000
216000
222000
228000
234000
121000
61000
122000
183000
49000
98000
147000
196000
123000
31000
62000
93000
124000
155000
186000
217000
1000
2000
3000
4000
5000
6000
7000
8000
9000
10000
11000
12000
13000
14000
15000
16000
17000
18000
19000
20000
21000
22000
23000
24000
25000
26000
27000
28000
29000
30000
31000
32000
33000
34000
35000
36000
37000
38000
39000
40000
41000
42000
43000
44000
45000
46000
47000
48000
49000
50000
51000
52000
53000
54000
55000
56000
57000
58000
59000
60000
61000
62000
63000
64000
65000
66000
67000
68000
69000
70000
71000
72000
73000
74000
75000
76000
77000
78000
79000
80000
81000
82000
83000
84000
85000
86000
87000
88000
89000
90000
91000
92000
93000
94000
95000
96000
97000
98000
99000
100000
101000
102000
103000
104000
105000
106000
107000
108000
109000
110000
111000
112000
113000
114000
115000
116000
117000
118000
119000
120000
121000
122000
123000
124000
125000
126000
127000
128000
129000
130000
131000
132000
133000
134000
135000
136000
137000
138000
139000
140000
141000
142000
143000
144000
145000
146000
147000
148000
149000
150000
151000
152000
153000
154000
155000
156000
157000
158000
159000
160000
161000
162000
163000
164000
165000
166000
167000
168000
169000
170000
171000
172000
173000
174000
175000
176000
177000
178000
179000
180000
181000
182000
183000
184000
185000
186000
187000
188000
189000
190000
191000
192000
193000
194000
195000
196000
197000
198000
199000
200000
201000
202000
203000
204000
205000
206000
207000
208000
209000
210000
211000
212000
213000
214000
215000
216000
217000
218000
219000
220000
221000
222000
223000
224000
225000
226000
227000
228000
229000
230000
231000
232000
233000
234000
235000
236000
237000
238000
239000
240000
241000
242000
243000
244000
245000
246000
247000
248000
249000
63000
126000
189000
127000
51000
102000
153000
204000
32000
64000
96000
128000
160000
192000
224000
129000
13000
26000
39000
52000
65000
78000
91000
104000
117000
130000
143000
156000
169000
182000
195000
208000
221000
234000
247000
131000
33000
66000
99000
132000
165000
198000
231000
53000
106000
159000
212000
133000
67000
134000
201000
27000
54000
81000
108000
135000
162000
189000
216000
243000
34000
68000
102000
136000
170000
204000
238000
137000
11000
22000
33000
44000
55000
66000
77000
88000
99000
110000
121000
132000
143000
154000
165000
176000
187000
198000
209000
220000
231000
242000
253000
264000
69000
138000
207000
139000
7000
14000
21000
28000
35000
42000
49000
56000
63000
70000
77000
84000
91000
98000
105000
112000
119000
126000
133000
140000
147000
154000
161000
168000
175000
182000
189000
196000
203000
210000
217000
224000
231000
238000
245000
252000
259000
266000
273000
141000
71000
142000
213000
57000
114000
171000
228000
143000
36000
72000
108000
144000
180000
216000
252000
29000
58000
87000
116000
145000
174000
203000
232000
261000
73000
146000
219000
147000
59000
118000
177000
236000
37000
74000
111000
148000
185000
222000
259000
149000
3000
6000
9000
12000
15000
18000
21000
24000
27000
30000
33000
36000
39000
42000
45000
48000
51000
54000
57000
60000
63000
66000
69000
72000
75000
78000
81000
84000
87000
90000
93000
96000
99000
102000
105000
108000
111000
114000
117000
120000
123000
126000
129000
132000
135000
138000
141000
144000
147000
150000
153000
156000
159000
162000
165000
168000
171000
174000
177000
180000
183000
186000
189000
192000
195000
198000
201000
204000
207000
210000
213000
216000
219000
222000
225000
228000
231000
234000
237000
240000
243000
246000
249000
252000
255000
258000
261000
264000
267000
270000
273000
276000
279000
282000
285000
288000
291000
294000
297000
151000
38000
76000
114000
152000
190000
228000
266000
61000
122000
183000
244000
153000
77000
154000
231000
31000
62000
93000
124000
155000
186000
217000
248000
279000
39000
78000
117000
156000
195000
234000
273000
157000
63000
126000
189000
252000
79000
158000
237000
159000
8000
16000
24000
32000
40000
48000
56000
64000
72000
80000
88000
96000
104000
112000
120000
128000
136000
144000
152000
160000
168000
176000
184000
192000
200000
208000
216000
224000
232000
240000
248000
256000
264000
272000
280000
288000
296000
304000
312000
161000
81000
162000
243000
13000
26000
39000
52000
65000
78000
91000
104000
117000
130000
143000
156000
169000
182000
195000
208000
221000
234000
247000
260000
273000
286000
299000
312000
163000
41000
82000
123000
164000
205000
246000
287000
33000
66000
99000
132000
165000
198000
231000
264000
297000
83000
166000
249000
167000
67000
134000
201000
268000
42000
84000
126000
168000
210000
252000
294000
169000
17000
34000
51000
68000
85000
102000
119000
136000
153000
170000
187000
204000
221000
238000
255000
272000
289000
306000
323000
171000
43000
86000
129000
172000
215000
258000
301000
69000
138000
207000
276000
173000
87000
174000
261000
7000
14000
21000
28000
35000
42000
49000
56000
63000
70000
77000
84000
91000
98000
105000
112000
119000
126000
133000
140000
147000
154000
161000
168000
175000
182000
189000
196000
203000
210000
217000
224000
231000
238000
245000
252000
259000
266000
273000
280000
287000
294000
301000
308000
315000
322000
329000
336000
343000
44000
88000
132000
176000
220000
264000
308000
177000
71000
142000
213000
284000
89000
178000
267000
179000
9000
18000
27000
36000
45000
54000
63000
72000
81000
90000
99000
108000
117000
126000
135000
144000
153000
162000
171000
180000
189000
198000
207000
216000
225000
234000
243000
252000
261000
270000
279000
288000
297000
306000
315000
324000
333000
342000
351000
181000
91000
182000
273000
73000
146000
219000
292000
183000
46000
92000
138000
184000
230000
276000
322000
37000
74000
111000
148000
185000
222000
259000
296000
333000
93000
186000
279000
187000
3000
6000
9000
12000
15000
18000
21000
24000
27000
30000
33000
36000
39000
42000
45000
48000
51000
54000
57000
60000
63000
66000
69000
72000
75000
78000
81000
84000
87000
90000
93000
96000
99000
102000
105000
108000
111000
114000
117000
120000
123000
126000
129000
132000
135000
138000
141000
144000
147000
150000
153000
156000
159000
162000
165000
168000
171000
174000
177000
180000
183000
186000
189000
192000
195000
198000
201000
204000
207000
210000
213000
216000
219000
222000
225000
228000
231000
234000
237000
240000
243000
246000
249000
252000
255000
258000
261000
264000
267000
270000
273000
276000
279000
282000
285000
288000
291000
294000
297000
300000
303000
306000
309000
312000
315000
318000
321000
324000
327000
330000
333000
336000
339000
342000
345000
348000
351000
354000
357000
360000
363000
366000
369000
372000
47000
94000
141000
188000
235000
282000
329000
189000
19000
38000
57000
76000
95000
114000
133000
152000
171000
190000
209000
228000
247000
266000
285000
304000
323000
342000
361000
191000
48000
96000
144000
192000
240000
288000
336000
77000
154000
231000
308000
193000
97000
194000
291000
39000
78000
117000
156000
195000
234000
273000
312000
351000
49000
98000
147000
196000
245000
294000
343000
197000
79000
158000
237000
316000
99000
198000
297000
199000
2000
4000
6000
8000
10000
12000
14000
16000
18000
20000
22000
24000
26000
28000
30000
32000
34000
36000
38000
40000
42000
44000
46000
48000
50000
52000
54000
56000
58000
60000
62000
64000
66000
68000
70000
72000
74000
76000
78000
80000
82000
84000
86000
88000
90000
92000
94000
96000
98000
100000
102000
104000
106000
108000
110000
112000
114000
116000
118000
120000
122000
124000
126000
128000
130000
132000
134000
136000
138000
140000
142000
144000
146000
148000
150000
152000
154000
156000
158000
160000
162000
164000
166000
168000
170000
172000
174000
176000
178000
180000
182000
184000
186000
188000
190000
192000
194000
196000
198000
200000
202000
204000
206000
208000
210000
212000
214000
216000
218000
220000
222000
224000
226000
228000
230000
232000
234000
236000
238000
240000
242000
244000
246000
248000
250000
252000
254000
256000
258000
260000
262000
264000
266000
268000
270000
272000
274000
276000
278000
280000
282000
284000
286000
288000
290000
292000
294000
296000
298000
300000
302000
304000
306000
308000
310000
312000
314000
316000
318000
320000
322000
324000
326000
328000
330000
332000
334000
336000
338000
340000
342000
344000
346000
348000
350000
352000
354000
356000
358000
360000
362000
364000
366000
368000
370000
372000
374000
376000
378000
380000
382000
384000
386000
388000
390000
392000
394000
396000
398000
201000
101000
202000
303000
81000
162000
243000
324000
203000
51000
102000
153000
204000
255000
306000
357000
41000
82000
123000
164000
205000
246000
287000
328000
369000
103000
206000
309000
207000
83000
166000
249000
332000
52000
104000
156000
208000
260000
312000
364000
209000
21000
42000
63000
84000
105000
126000
147000
168000
189000
210000
231000
252000
273000
294000
315000
336000
357000
378000
399000
211000
53000
106000
159000
212000
265000
318000
371000
17000
34000
51000
68000
85000
102000
119000
136000
153000
170000
187000
204000
221000
238000
255000
272000
289000
306000
323000
340000
357000
374000
391000
408000
213000
107000
214000
321000
43000
86000
129000
172000
215000
258000
301000
344000
387000
54000
108000
162000
216000
270000
324000
378000
217000
87000
174000
261000
348000
109000
218000
327000
219000
11000
22000
33000
44000
55000
66000
77000
88000
99000
110000
121000
132000
143000
154000
165000
176000
187000
198000
209000
220000
231000
242000
253000
264000
275000
286000
297000
308000
319000
330000
341000
352000
363000
374000
385000
396000
407000
418000
429000
221000
111000
222000
333000
89000
178000
267000
356000
223000
56000
112000
168000
224000
280000
336000
392000
9000
18000
27000
36000
45000
54000
63000
72000
81000
90000
99000
108000
117000
126000
135000
144000
153000
162000
171000
180000
189000
198000
207000
216000
225000
234000
243000
252000
261000
270000
279000
288000
297000
306000
315000
324000
333000
342000
351000
360000
369000
378000
387000
396000
405000
414000
423000
432000
441000
113000
226000
339000
227000
91000
182000
273000
364000
57000
114000
171000
228000
285000
342000
399000
229000
23000
46000
69000
92000
115000
138000
161000
184000
207000
230000
253000
276000
299000
322000
345000
368000
391000
414000
437000
231000
58000
116000
174000
232000
290000
348000
406000
93000
186000
279000
372000
233000
117000
234000
351000
47000
94000
141000
188000
235000
282000
329000
376000
423000
59000
118000
177000
236000
295000
354000
413000
237000
19000
38000
57000
76000
95000
114000
133000
152000
171000
190000
209000
228000
247000
266000
285000
304000
323000
342000
361000
380000
399000
418000
437000
456000
119000
238000
357000
239000
12000
24000
36000
48000
60000
72000
84000
96000
108000
120000
132000
144000
156000
168000
180000
192000
204000
216000
228000
240000
252000
264000
276000
288000
300000
312000
324000
336000
348000
360000
372000
384000
396000
408000
420000
432000
444000
456000
468000
241000
121000
242000
363000
97000
194000
291000
388000
243000
61000
122000
183000
244000
305000
366000
427000
49000
98000
147000
196000
245000
294000
343000
392000
441000
123000
246000
369000
247000
99000
198000
297000
396000
62000
124000
186000
248000
310000
372000
434000
249000
1000
2000
3000
4000
5000
6000
7000
8000
9000
10000
11000
12000
13000
14000
15000
16000
17000
18000
19000
20000
21000
22000
23000
24000
25000
26000
27000
28000
29000
30000
31000
32000
33000
34000
35000
36000
37000
38000
39000
40000
41000
42000
43000
44000
45000
46000
47000
48000
49000
50000
51000
52000
53000
54000
55000
56000
57000
58000
59000
60000
61000
62000
63000
64000
65000
66000
67000
68000
69000
70000
71000
72000
73000
74000
75000
76000
77000
78000
79000
80000
81000
82000
83000
84000
85000
86000
87000
88000
89000
90000
91000
92000
93000
94000
95000
96000
97000
98000
99000
100000
101000
102000
103000
104000
105000
106000
107000
108000
109000
110000
111000
112000
113000
114000
115000
116000
117000
118000
119000
120000
121000
122000
123000
124000
125000
126000
127000
128000
129000
130000
131000
132000
133000
134000
135000
136000
137000
138000
139000
140000
141000
142000
143000
144000
145000
146000
147000
148000
149000
150000
151000
152000
153000
154000
155000
156000
157000
158000
159000
160000
161000
162000
163000
164000
165000
166000
167000
168000
169000
170000
171000
172000
173000
174000
175000
176000
177000
178000
179000
180000
181000
182000
183000
184000
185000
186000
187000
188000
189000
190000
191000
192000
193000
194000
195000
196000
197000
198000
199000
200000
201000
202000
203000
204000
205000
206000
207000
208000
209000
210000
211000
212000
213000
214000
215000
216000
217000
218000
219000
220000
221000
222000
223000
224000
225000
226000
227000
228000
229000
230000
231000
232000
233000
234000
235000
236000
237000
238000
239000
240000
241000
242000
243000
244000
245000
246000
247000
248000
249000
250000
251000
252000
253000
254000
255000
256000
257000
258000
259000
260000
261000
262000
263000
264000
265000
266000
267000
268000
269000
270000
271000
272000
273000
274000
275000
276000
277000
278000
279000
280000
281000
282000
283000
284000
285000
286000
287000
288000
289000
290000
291000
292000
293000
294000
295000
296000
297000
298000
299000
300000
301000
302000
303000
304000
305000
306000
307000
308000
309000
310000
311000
312000
313000
314000
315000
316000
317000
318000
319000
320000
321000
322000
323000
324000
325000
326000
327000
328000
329000
330000
331000
332000
333000
334000
335000
336000
337000
338000
339000
340000
341000
342000
343000
344000
345000
346000
347000
348000
349000
350000
351000
352000
353000
354000
355000
356000
357000
358000
359000
360000
361000
362000
363000
364000
365000
366000
367000
368000
369000
370000
371000
372000
373000
374000
375000
376000
377000
378000
379000
380000
381000
382000
383000
384000
385000
386000
387000
388000
389000
390000
391000
392000
393000
394000
395000
396000
397000
398000
399000
400000
401000
402000
403000
404000
405000
406000
407000
408000
409000
410000
411000
412000
413000
414000
415000
416000
417000
418000
419000
420000
421000
422000
423000
424000
425000
426000
427000
428000
429000
430000
431000
432000
433000
434000
435000
436000
437000
438000
439000
440000
441000
442000
443000
444000
445000
446000
447000
448000
449000
450000
451000
452000
453000
454000
455000
456000
457000
458000
459000
460000
461000
462000
463000
464000
465000
466000
467000
468000
469000
470000
471000
472000
473000
474000
475000
476000
477000
478000
479000
480000
481000
482000
483000
484000
485000
486000
487000
488000
489000
490000
491000
492000
493000
494000
495000
496000
497000
498000
499000
251000
63000
126000
189000
252000
315000
378000
441000
101000
202000
303000
404000
253000
127000
254000
381000
51000
102000
153000
204000
255000
306000
357000
408000
459000
64000
128000
192000
256000
320000
384000
448000
257000
103000
206000
309000
412000
129000
258000
387000
259000
13000
26000
39000
52000
65000
78000
91000
104000
117000
130000
143000
156000
169000
182000
195000
208000
221000
234000
247000
260000
273000
286000
299000
312000
325000
338000
351000
364000
377000
390000
403000
416000
429000
442000
455000
468000
481000
494000
507000
261000
131000
262000
393000
21000
42000
63000
84000
105000
126000
147000
168000
189000
210000
231000
252000
273000
294000
315000
336000
357000
378000
399000
420000
441000
462000
483000
504000
263000
66000
132000
198000
264000
330000
396000
462000
53000
106000
159000
212000
265000
318000
371000
424000
477000
133000
266000
399000
267000
107000
214000
321000
428000
67000
134000
201000
268000
335000
402000
469000
269000
27000
54000
81000
108000
135000
162000
189000
216000
243000
270000
297000
324000
351000
378000
405000
432000
459000
486000
513000
271000
68000
136000
204000
272000
340000
408000
476000
109000
218000
327000
436000
273000
137000
274000
411000
11000
22000
33000
44000
55000
66000
77000
88000
99000
110000
121000
132000
143000
154000
165000
176000
187000
198000
209000
220000
231000
242000
253000
264000
275000
286000
297000
308000
319000
330000
341000
352000
363000
374000
385000
396000
407000
418000
429000
440000
451000
462000
473000
484000
495000
506000
517000
528000
539000
69000
138000
207000
276000
345000
414000
483000
277000
111000
222000
333000
444000
139000
278000
417000
279000
14000
28000
42000
56000
70000
84000
98000
112000
126000
140000
154000
168000
182000
196000
210000
224000
238000
252000
266000
280000
294000
308000
322000
336000
350000
364000
378000
392000
406000
420000
434000
448000
462000
476000
490000
504000
518000
532000
546000
281000
141000
282000
423000
113000
226000
339000
452000
283000
71000
142000
213000
284000
355000
426000
497000
57000
114000
171000
228000
285000
342000
399000
456000
513000
143000
286000
429000
287000
23000
46000
69000
92000
115000
138000
161000
184000
207000
230000
253000
276000
299000
322000
345000
368000
391000
414000
437000
460000
483000
506000
529000
552000
72000
144000
216000
288000
360000
432000
504000
289000
29000
58000
87000
116000
145000
174000
203000
232000
261000
290000
319000
348000
377000
406000
435000
464000
493000
522000
551000
291000
73000
146000
219000
292000
365000
438000
511000
117000
234000
351000
468000
293000
147000
294000
441000
59000
118000
177000
236000
295000
354000
413000
472000
531000
74000
148000
222000
296000
370000
444000
518000
297000
119000
238000
357000
476000
149000
298000
447000
299000
3000
6000
9000
12000
15000
18000
21000
24000
27000
30000
33000
36000
39000
42000
45000
48000
51000
54000
57000
60000
63000
66000
69000
72000
75000
78000
81000
84000
87000
90000
93000
96000
99000
102000
105000
108000
111000
114000
117000
120000
123000
126000
129000
132000
135000
138000
141000
144000
147000
150000
153000
156000
159000
162000
165000
168000
171000
174000
177000
180000
183000
186000
189000
192000
195000
198000
201000
204000
207000
210000
213000
216000
219000
222000
225000
228000
231000
234000
237000
240000
243000
246000
249000
252000
255000
258000
261000
264000
267000
270000
273000
276000
279000
282000
285000
288000
291000
294000
297000
300000
303000
306000
309000
312000
315000
318000
321000
324000
327000
330000
333000
336000
339000
342000
345000
348000
351000
354000
357000
360000
363000
366000
369000
372000
375000
378000
381000
384000
387000
390000
393000
396000
399000
402000
405000
408000
411000
414000
417000
420000
423000
426000
429000
432000
435000
438000
441000
444000
447000
450000
453000
456000
459000
462000
465000
468000
471000
474000
477000
480000
483000
486000
489000
492000
495000
498000
501000
504000
507000
510000
513000
516000
519000
522000
525000
528000
531000
534000
537000
540000
543000
546000
549000
552000
555000
558000
561000
564000
567000
570000
573000
576000
579000
582000
585000
588000
591000
594000
597000
301000
151000
302000
453000
121000
242000
363000
484000
303000
76000
152000
228000
304000
380000
456000
532000
61000
122000
183000
244000
305000
366000
427000
488000
549000
153000
306000
459000
307000
123000
246000
369000
492000
77000
154000
231000
308000
385000
462000
539000
309000
31000
62000
93000
124000
155000
186000
217000
248000
279000
310000
341000
372000
403000
434000
465000
496000
527000
558000
589000
311000
78000
156000
234000
312000
390000
468000
546000
5000
10000
15000
20000
25000
30000
35000
40000
45000
50000
55000
60000
65000
70000
75000
80000
85000
90000
95000
100000
105000
110000
115000
120000
125000
130000
135000
140000
145000
150000
155000
160000
165000
170000
175000
180000
185000
190000
195000
200000
205000
210000
215000
220000
225000
230000
235000
240000
245000
250000
255000
260000
265000
270000
275000
280000
285000
290000
295000
300000
305000
310000
315000
320000
325000
330000
335000
340000
345000
350000
355000
360000
365000
370000
375000
380000
385000
390000
395000
400000
405000
410000
415000
420000
425000
430000
435000
440000
445000
450000
455000
460000
465000
470000
475000
480000
485000
490000
495000
500000
505000
510000
515000
520000
525000
530000
535000
540000
545000
550000
555000
560000
565000
570000
575000
580000
585000
590000
595000
600000
605000
610000
615000
620000
313000
157000
314000
471000
63000
126000
189000
252000
315000
378000
441000
504000
567000
79000
158000
237000
316000
395000
474000
553000
317000
127000
254000
381000
508000
159000
318000
477000
319000
16000
32000
48000
64000
80000
96000
112000
128000
144000
160000
176000
192000
208000
224000
240000
256000
272000
288000
304000
320000
336000
352000
368000
384000
400000
416000
432000
448000
464000
480000
496000
512000
528000
544000
560000
576000
592000
608000
624000
321000
161000
322000
483000
129000
258000
387000
516000
323000
81000
162000
243000
324000
405000
486000
567000
13000
26000
39000
52000
65000
78000
91000
104000
117000
130000
143000
156000
169000
182000
195000
208000
221000
234000
247000
260000
273000
286000
299000
312000
325000
338000
351000
364000
377000
390000
403000
416000
429000
442000
455000
468000
481000
494000
507000
520000
533000
546000
559000
572000
585000
598000
611000
624000
637000
163000
326000
489000
327000
131000
262000
393000
524000
82000
164000
246000
328000
410000
492000
574000
329000
33000
66000
99000
132000
165000
198000
231000
264000
297000
330000
363000
396000
429000
462000
495000
528000
561000
594000
627000
331000
83000
166000
249000
332000
415000
498000
581000
133000
266000
399000
532000
333000
167000
334000
501000
67000
134000
201000
268000
335000
402000
469000
536000
603000
84000
168000
252000
336000
420000
504000
588000
337000
27000
54000
81000
108000
135000
162000
189000
216000
243000
270000
297000
324000
351000
378000
405000
432000
459000
486000
513000
540000
567000
594000
621000
648000
169000
338000
507000
339000
17000
34000
51000
68000
85000
102000
119000
136000
153000
170000
187000
204000
221000
238000
255000
272000
289000
306000
323000
340000
357000
374000
391000
408000
425000
442000
459000
476000
493000
510000
527000
544000
561000
578000
595000
612000
629000
646000
663000
341000
171000
342000
513000
137000
274000
411000
548000
343000
86000
172000
258000
344000
430000
516000
602000
69000
138000
207000
276000
345000
414000
483000
552000
621000
173000
346000
519000
347000
139000
278000
417000
556000
87000
174000
261000
348000
435000
522000
609000
349000
7000
14000
21000
28000
35000
42000
49000
56000
63000
70000
77000
84000
91000
98000
105000
112000
119000
126000
133000
140000
147000
154000
161000
168000
175000
182000
189000
196000
203000
210000
217000
224000
231000
238000
245000
252000
259000
266000
273000
280000
287000
294000
301000
308000
315000
322000
329000
336000
343000
350000
357000
364000
371000
378000
385000
392000
399000
406000
413000
420000
427000
434000
441000
448000
455000
462000
469000
476000
483000
490000
497000
504000
511000
518000
525000
532000
539000
546000
553000
560000
567000
574000
581000
588000
595000
602000
609000
616000
623000
630000
637000
644000
651000
658000
665000
672000
679000
686000
693000
351000
88000
176000
264000
352000
440000
528000
616000
141000
282000
423000
564000
353000
177000
354000
531000
71000
142000
213000
284000
355000
426000
497000
568000
639000
89000
178000
267000
356000
445000
534000
623000
357000
143000
286000
429000
572000
179000
358000
537000
359000
18000
36000
54000
72000
90000
108000
126000
144000
162000
180000
198000
216000
234000
252000
270000
288000
306000
324000
342000
360000
378000
396000
414000
432000
450000
468000
486000
504000
522000
540000
558000
576000
594000
612000
630000
648000
666000
684000
702000
361000
181000
362000
543000
29000
58000
87000
116000
145000
174000
203000
232000
261000
290000
319000
348000
377000
406000
435000
464000
493000
522000
551000
580000
609000
638000
667000
696000
363000
91000
182000
273000
364000
455000
546000
637000
73000
146000
219000
292000
365000
438000
511000
584000
657000
183000
366000
549000
367000
147000
294000
441000
588000
92000
184000
276000
368000
460000
552000
644000
369000
37000
74000
111000
148000
185000
222000
259000
296000
333000
370000
407000
444000
481000
518000
555000
592000
629000
666000
703000
371000
93000
186000
279000
372000
465000
558000
651000
149000
298000
447000
596000
373000
187000
374000
561000
3000
6000
9000
12000
15000
18000
21000
24000
27000
30000
33000
36000
39000
42000
45000
48000
51000
54000
57000
60000
63000
66000
69000
72000
75000
78000
81000
84000
87000
90000
93000
96000
99000
102000
105000
108000
111000
114000
117000
120000
123000
126000
129000
132000
135000
138000
141000
144000
147000
150000
153000
156000
159000
162000
165000
168000
171000
174000
177000
180000
183000
186000
189000
192000
195000
198000
201000
204000
207000
210000
213000
216000
219000
222000
225000
228000
231000
234000
237000
240000
243000
246000
249000
252000
255000
258000
261000
264000
267000
270000
273000
276000
279000
282000
285000
288000
291000
294000
297000
300000
303000
306000
309000
312000
315000
318000
321000
324000
327000
330000
333000
336000
339000
342000
345000
348000
351000
354000
357000
360000
363000
366000
369000
372000
375000
378000
381000
384000
387000
390000
393000
396000
399000
402000
405000
408000
411000
414000
417000
420000
423000
426000
429000
432000
435000
438000
441000
444000
447000
450000
453000
456000
459000
462000
465000
468000
471000
474000
477000
480000
483000
486000
489000
492000
495000
498000
501000
504000
507000
510000
513000
516000
519000
522000
525000
528000
531000
534000
537000
540000
543000
546000
549000
552000
555000
558000
561000
564000
567000
570000
573000
576000
579000
582000
585000
588000
591000
594000
597000
600000
603000
606000
609000
612000
615000
618000
621000
624000
627000
630000
633000
636000
639000
642000
645000
648000
651000
654000
657000
660000
663000
666000
669000
672000
675000
678000
681000
684000
687000
690000
693000
696000
699000
702000
705000
708000
711000
714000
717000
720000
723000
726000
729000
732000
735000
738000
741000
744000
747000
94000
188000
282000
376000
470000
564000
658000
377000
151000
302000
453000
604000
189000
378000
567000
379000
19000
38000
57000
76000
95000
114000
133000
152000
171000
190000
209000
228000
247000
266000
285000
304000
323000
342000
361000
380000
399000
418000
437000
456000
475000
494000
513000
532000
551000
570000
589000
608000
627000
646000
665000
684000
703000
722000
741000
381000
191000
382000
573000
153000
306000
459000
612000
383000
96000
192000
288000
384000
480000
576000
672000
77000
154000
231000
308000
385000
462000
539000
616000
693000
193000
386000
579000
387000
31000
62000
93000
124000
155000
186000
217000
248000
279000
310000
341000
372000
403000
434000
465000
496000
527000
558000
589000
620000
651000
682000
713000
744000
97000
194000
291000
388000
485000
582000
679000
389000
39000
78000
117000
156000
195000
234000
273000
312000
351000
390000
429000
468000
507000
546000
585000
624000
663000
702000
741000
391000
98000
196000
294000
392000
490000
588000
686000
157000
314000
471000
628000
393000
197000
394000
591000
79000
158000
237000
316000
395000
474000
553000
632000
711000
99000
198000
297000
396000
495000
594000
693000
397000
159000
318000
477000
636000
199000
398000
597000
399000
4000
8000
12000
16000
20000
24000
28000
32000
36000
40000
44000
48000
52000
56000
60000
64000
68000
72000
76000
80000
84000
88000
92000
96000
100000
104000
108000
112000
116000
120000
124000
128000
132000
136000
140000
144000
148000
152000
156000
160000
164000
168000
172000
176000
180000
184000
188000
192000
196000
200000
204000
208000
212000
216000
220000
224000
228000
232000
236000
240000
244000
248000
252000
256000
260000
264000
268000
272000
276000
280000
284000
288000
292000
296000
300000
304000
308000
312000
316000
320000
324000
328000
332000
336000
340000
344000
348000
352000
356000
360000
364000
368000
372000
376000
380000
384000
388000
392000
396000
400000
404000
408000
412000
416000
420000
424000
428000
432000
436000
440000
444000
448000
452000
456000
460000
464000
468000
472000
476000
480000
484000
488000
492000
496000
500000
504000
508000
512000
516000
520000
524000
528000
532000
536000
540000
544000
548000
552000
556000
560000
564000
568000
572000
576000
580000
584000
588000
592000
596000
600000
604000
608000
612000
616000
620000
624000
628000
632000
636000
640000
644000
648000
652000
656000
660000
664000
668000
672000
676000
680000
684000
688000
692000
696000
700000
704000
708000
712000
716000
720000
724000
728000
732000
736000
740000
744000
748000
752000
756000
760000
764000
768000
772000
776000
780000
784000
788000
792000
796000
401000
201000
402000
603000
161000
322000
483000
644000
403000
101000
202000
303000
404000
505000
606000
707000
81000
162000
243000
324000
405000
486000
567000
648000
729000
203000
406000
609000
407000
163000
326000
489000
652000
102000
204000
306000
408000
510000
612000
714000
409000
41000
82000
123000
164000
205000
246000
287000
328000
369000
410000
451000
492000
533000
574000
615000
656000
697000
738000
779000
411000
103000
206000
309000
412000
515000
618000
721000
33000
66000
99000
132000
165000
198000
231000
264000
297000
330000
363000
396000
429000
462000
495000
528000
561000
594000
627000
660000
693000
726000
759000
792000
413000
207000
414000
621000
83000
166000
249000
332000
415000
498000
581000
664000
747000
104000
208000
312000
416000
520000
624000
728000
417000
167000
334000
501000
668000
209000
418000
627000
419000
21000
42000
63000
84000
105000
126000
147000
168000
189000
210000
231000
252000
273000
294000
315000
336000
357000
378000
399000
420000
441000
462000
483000
504000
525000
546000
567000
588000
609000
630000
651000
672000
693000
714000
735000
756000
777000
798000
819000
421000
211000
422000
633000
169000
338000
507000
676000
423000
106000
212000
318000
424000
530000
636000
742000
17000
34000
51000
68000
85000
102000
119000
136000
153000
170000
187000
204000
221000
238000
255000
272000
289000
306000
323000
340000
357000
374000
391000
408000
425000
442000
459000
476000
493000
510000
527000
544000
561000
578000
595000
612000
629000
646000
663000
680000
697000
714000
731000
748000
765000
782000
799000
816000
833000
213000
426000
639000
427000
171000
342000
513000
684000
107000
214000
321000
428000
535000
642000
749000
429000
43000
86000
129000
172000
215000
258000
301000
344000
387000
430000
473000
516000
559000
602000
645000
688000
731000
774000
817000
431000
108000
216000
324000
432000
540000
648000
756000
173000
346000
519000
692000
433000
217000
434000
651000
87000
174000
261000
348000
435000
522000
609000
696000
783000
109000
218000
327000
436000
545000
654000
763000
437000
7000
14000
21000
28000
35000
42000
49000
56000
63000
70000
77000
84000
91000
98000
105000
112000
119000
126000
133000
140000
147000
154000
161000
168000
175000
182000
189000
196000
203000
210000
217000
224000
231000
238000
245000
252000
259000
266000
273000
280000
287000
294000
301000
308000
315000
322000
329000
336000
343000
350000
357000
364000
371000
378000
385000
392000
399000
406000
413000
420000
427000
434000
441000
448000
455000
462000
469000
476000
483000
490000
497000
504000
511000
518000
525000
532000
539000
546000
553000
560000
567000
574000
581000
588000
595000
602000
609000
616000
623000
630000
637000
644000
651000
658000
665000
672000
679000
686000
693000
700000
707000
714000
721000
728000
735000
742000
749000
756000
763000
770000
777000
784000
791000
798000
805000
812000
819000
826000
833000
840000
847000
854000
861000
868000
219000
438000
657000
439000
22000
44000
66000
88000
110000
132000
154000
176000
198000
220000
242000
264000
286000
308000
330000
352000
374000
396000
418000
440000
462000
484000
506000
528000
550000
572000
594000
616000
638000
660000
682000
704000
726000
748000
770000
792000
814000
836000
858000
441000
221000
442000
663000
177000
354000
531000
708000
443000
111000
222000
333000
444000
555000
666000
777000
89000
178000
267000
356000
445000
534000
623000
712000
801000
223000
446000
669000
447000
179000
358000
537000
716000
112000
224000
336000
448000
560000
672000
784000
449000
9000
18000
27000
36000
45000
54000
63000
72000
81000
90000
99000
108000
117000
126000
135000
144000
153000
162000
171000
180000
189000
198000
207000
216000
225000
234000
243000
252000
261000
270000
279000
288000
297000
306000
315000
324000
333000
342000
351000
360000
369000
378000
387000
396000
405000
414000
423000
432000
441000
450000
459000
468000
477000
486000
495000
504000
513000
522000
531000
540000
549000
558000
567000
576000
585000
594000
603000
612000
621000
630000
639000
648000
657000
666000
675000
684000
693000
702000
711000
720000
729000
738000
747000
756000
765000
774000
783000
792000
801000
810000
819000
828000
837000
846000
855000
864000
873000
882000
891000
451000
113000
226000
339000
452000
565000
678000
791000
181000
362000
543000
724000
453000
227000
454000
681000
91000
182000
273000
364000
455000
546000
637000
728000
819000
114000
228000
342000
456000
570000
684000
798000
457000
183000
366000
549000
732000
229000
458000
687000
459000
23000
46000
69000
92000
115000
138000
161000
184000
207000
230000
253000
276000
299000
322000
345000
368000
391000
414000
437000
460000
483000
506000
529000
552000
575000
598000
621000
644000
667000
690000
713000
736000
759000
782000
805000
828000
851000
874000
897000
461000
231000
462000
693000
37000
74000
111000
148000
185000
222000
259000
296000
333000
370000
407000
444000
481000
518000
555000
592000
629000
666000
703000
740000
777000
814000
851000
888000
463000
116000
232000
348000
464000
580000
696000
812000
93000
186000
279000
372000
465000
558000
651000
744000
837000
233000
466000
699000
467000
187000
374000
561000
748000
117000
234000
351000
468000
585000
702000
819000
469000
47000
94000
141000
188000
235000
282000
329000
376000
423000
470000
517000
564000
611000
658000
705000
752000
799000
846000
893000
471000
118000
236000
354000
472000
590000
708000
826000
189000
378000
567000
756000
473000
237000
474000
711000
19000
38000
57000
76000
95000
114000
133000
152000
171000
190000
209000
228000
247000
266000
285000
304000
323000
342000
361000
380000
399000
418000
437000
456000
475000
494000
513000
532000
551000
570000
589000
608000
627000
646000
665000
684000
703000
722000
741000
760000
779000
798000
817000
836000
855000
874000
893000
912000
931000
119000
238000
357000
476000
595000
714000
833000
477000
191000
382000
573000
764000
239000
478000
717000
479000
24000
48000
72000
96000
120000
144000
168000
192000
216000
240000
264000
288000
312000
336000
360000
384000
408000
432000
456000
480000
504000
528000
552000
576000
600000
624000
648000
672000
696000
720000
744000
768000
792000
816000
840000
864000
888000
912000
936000
481000
241000
482000
723000
193000
386000
579000
772000
483000
121000
242000
363000
484000
605000
726000
847000
97000
194000
291000
388000
485000
582000
679000
776000
873000
243000
486000
729000
487000
39000
78000
117000
156000
195000
234000
273000
312000
351000
390000
429000
468000
507000
546000
585000
624000
663000
702000
741000
780000
819000
858000
897000
936000
122000
244000
366000
488000
610000
732000
854000
489000
49000
98000
147000
196000
245000
294000
343000
392000
441000
490000
539000
588000
637000
686000
735000
784000
833000
882000
931000
491000
123000
246000
369000
492000
615000
738000
861000
197000
394000
591000
788000
493000
247000
494000
741000
99000
198000
297000
396000
495000
594000
693000
792000
891000
124000
248000
372000
496000
620000
744000
868000
497000
199000
398000
597000
796000
249000
498000
747000
499000
